03-Jan-2025 00:16:48.750 정보 [main] org.apache.catalina.startup.VersionLoggerListener.log 서버 버전 이름:    Apache Tomcat/9.0.91
03-Jan-2025 00:16:48.756 정보 [main] org.apache.catalina.startup.VersionLoggerListener.log Server 빌드 시각:  Jul 2 2024 12:35:51 UTC
03-Jan-2025 00:16:48.757 정보 [main] org.apache.catalina.startup.VersionLoggerListener.log Server 버전 번호:  9.0.91.0
03-Jan-2025 00:16:48.757 정보 [main] org.apache.catalina.startup.VersionLoggerListener.log 운영체제 이름:     Windows 10
03-Jan-2025 00:16:48.758 정보 [main] org.apache.catalina.startup.VersionLoggerListener.log 운영체제 버전:     10.0
03-Jan-2025 00:16:48.758 정보 [main] org.apache.catalina.startup.VersionLoggerListener.log 아키텍처:          amd64
03-Jan-2025 00:16:48.759 정보 [main] org.apache.catalina.startup.VersionLoggerListener.log 자바 홈:           C:\Program Files\AdoptOpenJDK\jdk-11.0.10.9-hotspot
03-Jan-2025 00:16:48.759 정보 [main] org.apache.catalina.startup.VersionLoggerListener.log JVM 버전:          11.0.10+9
03-Jan-2025 00:16:48.759 정보 [main] org.apache.catalina.startup.VersionLoggerListener.log JVM 벤더:          AdoptOpenJDK
03-Jan-2025 00:16:48.760 정보 [main] org.apache.catalina.startup.VersionLoggerListener.log CATALINA_BASE:     C:\Users\my\Desktop\코딩\workSpace\test\apache-tomcat-9.0.91
03-Jan-2025 00:16:48.760 정보 [main] org.apache.catalina.startup.VersionLoggerListener.log CATALINA_HOME:     C:\Users\my\Desktop\코딩\workSpace\test\apache-tomcat-9.0.91
03-Jan-2025 00:16:48.784 정보 [main] org.apache.catalina.startup.VersionLoggerListener.log 명령 행 아규먼트:  --add-opens=java.base/java.lang=ALL-UNNAMED
03-Jan-2025 00:16:48.785 정보 [main] org.apache.catalina.startup.VersionLoggerListener.log 명령 행 아규먼트:  --add-opens=java.base/java.io=ALL-UNNAMED
03-Jan-2025 00:16:48.785 정보 [main] org.apache.catalina.startup.VersionLoggerListener.log 명령 행 아규먼트:  --add-opens=java.base/java.util=ALL-UNNAMED
03-Jan-2025 00:16:48.786 정보 [main] org.apache.catalina.startup.VersionLoggerListener.log 명령 행 아규먼트:  --add-opens=java.base/java.util.concurrent=ALL-UNNAMED
03-Jan-2025 00:16:48.787 정보 [main] org.apache.catalina.startup.VersionLoggerListener.log 명령 행 아규먼트:  --add-opens=java.rmi/sun.rmi.transport=ALL-UNNAMED
03-Jan-2025 00:16:48.787 정보 [main] org.apache.catalina.startup.VersionLoggerListener.log 명령 행 아규먼트:  -Djava.util.logging.config.file=C:\Users\my\Desktop\코딩\workSpace\test\apache-tomcat-9.0.91\conf\logging.properties
03-Jan-2025 00:16:48.787 정보 [main] org.apache.catalina.startup.VersionLoggerListener.log 명령 행 아규먼트:  -Djava.util.logging.manager=org.apache.juli.ClassLoaderLogManager
03-Jan-2025 00:16:48.788 정보 [main] org.apache.catalina.startup.VersionLoggerListener.log 명령 행 아규먼트:  -Djdk.tls.ephemeralDHKeySize=2048
03-Jan-2025 00:16:48.788 정보 [main] org.apache.catalina.startup.VersionLoggerListener.log 명령 행 아규먼트:  -Djava.protocol.handler.pkgs=org.apache.catalina.webresources
03-Jan-2025 00:16:48.790 정보 [main] org.apache.catalina.startup.VersionLoggerListener.log 명령 행 아규먼트:  -Dignore.endorsed.dirs=
03-Jan-2025 00:16:48.790 정보 [main] org.apache.catalina.startup.VersionLoggerListener.log 명령 행 아규먼트:  -Dcatalina.base=C:\Users\my\Desktop\코딩\workSpace\test\apache-tomcat-9.0.91
03-Jan-2025 00:16:48.791 정보 [main] org.apache.catalina.startup.VersionLoggerListener.log 명령 행 아규먼트:  -Dcatalina.home=C:\Users\my\Desktop\코딩\workSpace\test\apache-tomcat-9.0.91
03-Jan-2025 00:16:48.792 정보 [main] org.apache.catalina.startup.VersionLoggerListener.log 명령 행 아규먼트:  -Djava.io.tmpdir=C:\Users\my\Desktop\코딩\workSpace\test\apache-tomcat-9.0.91\temp
03-Jan-2025 00:16:48.802 정보 [main] org.apache.catalina.core.AprLifecycleListener.lifecycleEvent APR 버전 [1.7.4]을(를) 사용한, APR 기반 Apache Tomcat Native 라이브러리 [1.3.0]을(를) 로드했습니다.
03-Jan-2025 00:16:48.803 정보 [main] org.apache.catalina.core.AprLifecycleListener.lifecycleEvent APR 용량정보들: IPv6 [true], sendfile [true], accept filters [false], random [true], UDS [true].
03-Jan-2025 00:16:48.803 정보 [main] org.apache.catalina.core.AprLifecycleListener.lifecycleEvent APR/OpenSSL 설정: useAprConnector [false], useOpenSSL [true]
03-Jan-2025 00:16:48.829 정보 [main] org.apache.catalina.core.AprLifecycleListener.initializeSSL OpenSSL이 성공적으로 초기화되었습니다: [OpenSSL 3.0.13 30 Jan 2024]
03-Jan-2025 00:16:49.361 정보 [main] org.apache.coyote.AbstractProtocol.init 프로토콜 핸들러 ["http-nio-8079"]을(를) 초기화합니다.
03-Jan-2025 00:16:49.409 정보 [main] org.apache.catalina.startup.Catalina.load [1033] 밀리초 내에 서버가 초기화되었습니다.
03-Jan-2025 00:16:49.515 정보 [main] org.apache.catalina.core.StandardService.startInternal 서비스 [Catalina]을(를) 시작합니다.
03-Jan-2025 00:16:49.515 정보 [main] org.apache.catalina.core.StandardEngine.startInternal 서버 엔진을 시작합니다: [Apache Tomcat/9.0.91]
03-Jan-2025 00:16:49.560 정보 [main] org.apache.catalina.startup.HostConfig.deployWAR 웹 애플리케이션 아카이브 [C:\Users\my\Desktop\코딩\workSpace\test\apache-tomcat-9.0.91\webapps\ROOT.war]을(를) 배치합니다.
03-Jan-2025 00:16:55.894 정보 [main] org.apache.jasper.servlet.TldScanner.scanJars 적어도 하나의 JAR가 TLD들을 찾기 위해 스캔되었으나 아무 것도 찾지 못했습니다. 스캔했으나 TLD가 없는 JAR들의 전체 목록을 보시려면, 로그 레벨을 디버그 레벨로 설정하십시오. 스캔 과정에서 불필요한 JAR들을 건너뛰면, 시스템 시작 시간과 JSP 컴파일 시간을 단축시킬 수 있습니다.
03-Jan-2025 00:16:56.655 경고 [main] org.apache.catalina.util.SessionIdGeneratorBase.createSecureRandom [SHA1PRNG] 알고리즘을 사용하여, 세션 ID를 생성하기 위한 SecureRandom 객체를 생성하는데, [674] 밀리초가 소요됐습니다.
03-Jan-2025 00:17:04.558 정보 [main] org.apache.catalina.startup.HostConfig.deployWAR 웹 애플리케이션 아카이브 [C:\Users\my\Desktop\코딩\workSpace\test\apache-tomcat-9.0.91\webapps\ROOT.war]의 배치가 [14,997] 밀리초에 완료되었습니다.
03-Jan-2025 00:17:04.559 정보 [main] org.apache.catalina.startup.HostConfig.deployDirectory 웹 애플리케이션 디렉토리 [C:\Users\my\Desktop\코딩\workSpace\test\apache-tomcat-9.0.91\webapps\docs]을(를) 배치합니다.
03-Jan-2025 00:17:04.622 정보 [main] org.apache.catalina.startup.HostConfig.deployDirectory 웹 애플리케이션 디렉토리 [C:\Users\my\Desktop\코딩\workSpace\test\apache-tomcat-9.0.91\webapps\docs]에 대한 배치가 [63] 밀리초에 완료되었습니다.
03-Jan-2025 00:17:04.623 정보 [main] org.apache.catalina.startup.HostConfig.deployDirectory 웹 애플리케이션 디렉토리 [C:\Users\my\Desktop\코딩\workSpace\test\apache-tomcat-9.0.91\webapps\examples]을(를) 배치합니다.
03-Jan-2025 00:17:05.375 정보 [main] org.apache.catalina.startup.HostConfig.deployDirectory 웹 애플리케이션 디렉토리 [C:\Users\my\Desktop\코딩\workSpace\test\apache-tomcat-9.0.91\webapps\examples]에 대한 배치가 [752] 밀리초에 완료되었습니다.
03-Jan-2025 00:17:05.377 정보 [main] org.apache.catalina.startup.HostConfig.deployDirectory 웹 애플리케이션 디렉토리 [C:\Users\my\Desktop\코딩\workSpace\test\apache-tomcat-9.0.91\webapps\host-manager]을(를) 배치합니다.
03-Jan-2025 00:17:05.456 정보 [main] org.apache.catalina.startup.HostConfig.deployDirectory 웹 애플리케이션 디렉토리 [C:\Users\my\Desktop\코딩\workSpace\test\apache-tomcat-9.0.91\webapps\host-manager]에 대한 배치가 [79] 밀리초에 완료되었습니다.
03-Jan-2025 00:17:05.457 정보 [main] org.apache.catalina.startup.HostConfig.deployDirectory 웹 애플리케이션 디렉토리 [C:\Users\my\Desktop\코딩\workSpace\test\apache-tomcat-9.0.91\webapps\manager]을(를) 배치합니다.
03-Jan-2025 00:17:05.528 정보 [main] org.apache.catalina.startup.HostConfig.deployDirectory 웹 애플리케이션 디렉토리 [C:\Users\my\Desktop\코딩\workSpace\test\apache-tomcat-9.0.91\webapps\manager]에 대한 배치가 [70] 밀리초에 완료되었습니다.
03-Jan-2025 00:17:05.542 정보 [main] org.apache.coyote.AbstractProtocol.start 프로토콜 핸들러 ["http-nio-8079"]을(를) 시작합니다.
03-Jan-2025 00:17:06.150 정보 [main] org.apache.catalina.startup.Catalina.start 서버가 [16740] 밀리초 내에 시작되었습니다.
03-Jan-2025 00:55:17.417 정보 [main] org.apache.catalina.startup.VersionLoggerListener.log 서버 버전 이름:    Apache Tomcat/9.0.91
03-Jan-2025 00:55:17.423 정보 [main] org.apache.catalina.startup.VersionLoggerListener.log Server 빌드 시각:  Jul 2 2024 12:35:51 UTC
03-Jan-2025 00:55:17.423 정보 [main] org.apache.catalina.startup.VersionLoggerListener.log Server 버전 번호:  9.0.91.0
03-Jan-2025 00:55:17.424 정보 [main] org.apache.catalina.startup.VersionLoggerListener.log 운영체제 이름:     Windows 10
03-Jan-2025 00:55:17.424 정보 [main] org.apache.catalina.startup.VersionLoggerListener.log 운영체제 버전:     10.0
03-Jan-2025 00:55:17.424 정보 [main] org.apache.catalina.startup.VersionLoggerListener.log 아키텍처:          amd64
03-Jan-2025 00:55:17.425 정보 [main] org.apache.catalina.startup.VersionLoggerListener.log 자바 홈:           C:\Program Files\AdoptOpenJDK\jdk-11.0.10.9-hotspot
03-Jan-2025 00:55:17.425 정보 [main] org.apache.catalina.startup.VersionLoggerListener.log JVM 버전:          11.0.10+9
03-Jan-2025 00:55:17.426 정보 [main] org.apache.catalina.startup.VersionLoggerListener.log JVM 벤더:          AdoptOpenJDK
03-Jan-2025 00:55:17.426 정보 [main] org.apache.catalina.startup.VersionLoggerListener.log CATALINA_BASE:     C:\Users\my\Desktop\코딩\workSpace\test\apache-tomcat-9.0.91
03-Jan-2025 00:55:17.427 정보 [main] org.apache.catalina.startup.VersionLoggerListener.log CATALINA_HOME:     C:\Users\my\Desktop\코딩\workSpace\test\apache-tomcat-9.0.91
03-Jan-2025 00:55:17.453 정보 [main] org.apache.catalina.startup.VersionLoggerListener.log 명령 행 아규먼트:  --add-opens=java.base/java.lang=ALL-UNNAMED
03-Jan-2025 00:55:17.454 정보 [main] org.apache.catalina.startup.VersionLoggerListener.log 명령 행 아규먼트:  --add-opens=java.base/java.io=ALL-UNNAMED
03-Jan-2025 00:55:17.454 정보 [main] org.apache.catalina.startup.VersionLoggerListener.log 명령 행 아규먼트:  --add-opens=java.base/java.util=ALL-UNNAMED
03-Jan-2025 00:55:17.455 정보 [main] org.apache.catalina.startup.VersionLoggerListener.log 명령 행 아규먼트:  --add-opens=java.base/java.util.concurrent=ALL-UNNAMED
03-Jan-2025 00:55:17.455 정보 [main] org.apache.catalina.startup.VersionLoggerListener.log 명령 행 아규먼트:  --add-opens=java.rmi/sun.rmi.transport=ALL-UNNAMED
03-Jan-2025 00:55:17.455 정보 [main] org.apache.catalina.startup.VersionLoggerListener.log 명령 행 아규먼트:  -Djava.util.logging.config.file=C:\Users\my\Desktop\코딩\workSpace\test\apache-tomcat-9.0.91\conf\logging.properties
03-Jan-2025 00:55:17.456 정보 [main] org.apache.catalina.startup.VersionLoggerListener.log 명령 행 아규먼트:  -Djava.util.logging.manager=org.apache.juli.ClassLoaderLogManager
03-Jan-2025 00:55:17.457 정보 [main] org.apache.catalina.startup.VersionLoggerListener.log 명령 행 아규먼트:  -Djdk.tls.ephemeralDHKeySize=2048
03-Jan-2025 00:55:17.457 정보 [main] org.apache.catalina.startup.VersionLoggerListener.log 명령 행 아규먼트:  -Djava.protocol.handler.pkgs=org.apache.catalina.webresources
03-Jan-2025 00:55:17.458 정보 [main] org.apache.catalina.startup.VersionLoggerListener.log 명령 행 아규먼트:  -Dignore.endorsed.dirs=
03-Jan-2025 00:55:17.458 정보 [main] org.apache.catalina.startup.VersionLoggerListener.log 명령 행 아규먼트:  -Dcatalina.base=C:\Users\my\Desktop\코딩\workSpace\test\apache-tomcat-9.0.91
03-Jan-2025 00:55:17.458 정보 [main] org.apache.catalina.startup.VersionLoggerListener.log 명령 행 아규먼트:  -Dcatalina.home=C:\Users\my\Desktop\코딩\workSpace\test\apache-tomcat-9.0.91
03-Jan-2025 00:55:17.460 정보 [main] org.apache.catalina.startup.VersionLoggerListener.log 명령 행 아규먼트:  -Djava.io.tmpdir=C:\Users\my\Desktop\코딩\workSpace\test\apache-tomcat-9.0.91\temp
03-Jan-2025 00:55:17.471 정보 [main] org.apache.catalina.core.AprLifecycleListener.lifecycleEvent APR 버전 [1.7.4]을(를) 사용한, APR 기반 Apache Tomcat Native 라이브러리 [1.3.0]을(를) 로드했습니다.
03-Jan-2025 00:55:17.471 정보 [main] org.apache.catalina.core.AprLifecycleListener.lifecycleEvent APR 용량정보들: IPv6 [true], sendfile [true], accept filters [false], random [true], UDS [true].
03-Jan-2025 00:55:17.471 정보 [main] org.apache.catalina.core.AprLifecycleListener.lifecycleEvent APR/OpenSSL 설정: useAprConnector [false], useOpenSSL [true]
03-Jan-2025 00:55:17.496 정보 [main] org.apache.catalina.core.AprLifecycleListener.initializeSSL OpenSSL이 성공적으로 초기화되었습니다: [OpenSSL 3.0.13 30 Jan 2024]
03-Jan-2025 00:55:17.972 정보 [main] org.apache.coyote.AbstractProtocol.init 프로토콜 핸들러 ["http-nio-8079"]을(를) 초기화합니다.
03-Jan-2025 00:55:18.014 정보 [main] org.apache.catalina.startup.Catalina.load [960] 밀리초 내에 서버가 초기화되었습니다.
03-Jan-2025 00:55:18.112 정보 [main] org.apache.catalina.core.StandardService.startInternal 서비스 [Catalina]을(를) 시작합니다.
03-Jan-2025 00:55:18.114 정보 [main] org.apache.catalina.core.StandardEngine.startInternal 서버 엔진을 시작합니다: [Apache Tomcat/9.0.91]
03-Jan-2025 00:55:18.143 정보 [main] org.apache.catalina.startup.HostConfig.deployWAR 웹 애플리케이션 아카이브 [C:\Users\my\Desktop\코딩\workSpace\test\apache-tomcat-9.0.91\webapps\test-0.0.1-SNAPSHOT.war]을(를) 배치합니다.
03-Jan-2025 00:55:24.020 정보 [main] org.apache.jasper.servlet.TldScanner.scanJars 적어도 하나의 JAR가 TLD들을 찾기 위해 스캔되었으나 아무 것도 찾지 못했습니다. 스캔했으나 TLD가 없는 JAR들의 전체 목록을 보시려면, 로그 레벨을 디버그 레벨로 설정하십시오. 스캔 과정에서 불필요한 JAR들을 건너뛰면, 시스템 시작 시간과 JSP 컴파일 시간을 단축시킬 수 있습니다.
03-Jan-2025 00:55:24.578 경고 [main] org.apache.catalina.util.SessionIdGeneratorBase.createSecureRandom [SHA1PRNG] 알고리즘을 사용하여, 세션 ID를 생성하기 위한 SecureRandom 객체를 생성하는데, [490] 밀리초가 소요됐습니다.
03-Jan-2025 00:55:32.494 정보 [main] org.apache.catalina.startup.HostConfig.deployWAR 웹 애플리케이션 아카이브 [C:\Users\my\Desktop\코딩\workSpace\test\apache-tomcat-9.0.91\webapps\test-0.0.1-SNAPSHOT.war]의 배치가 [14,350] 밀리초에 완료되었습니다.
03-Jan-2025 00:55:32.496 정보 [main] org.apache.catalina.startup.HostConfig.deployDirectory 웹 애플리케이션 디렉토리 [C:\Users\my\Desktop\코딩\workSpace\test\apache-tomcat-9.0.91\webapps\docs]을(를) 배치합니다.
03-Jan-2025 00:55:32.556 정보 [main] org.apache.catalina.startup.HostConfig.deployDirectory 웹 애플리케이션 디렉토리 [C:\Users\my\Desktop\코딩\workSpace\test\apache-tomcat-9.0.91\webapps\docs]에 대한 배치가 [60] 밀리초에 완료되었습니다.
03-Jan-2025 00:55:32.557 정보 [main] org.apache.catalina.startup.HostConfig.deployDirectory 웹 애플리케이션 디렉토리 [C:\Users\my\Desktop\코딩\workSpace\test\apache-tomcat-9.0.91\webapps\examples]을(를) 배치합니다.
03-Jan-2025 00:55:33.121 정보 [main] org.apache.catalina.startup.HostConfig.deployDirectory 웹 애플리케이션 디렉토리 [C:\Users\my\Desktop\코딩\workSpace\test\apache-tomcat-9.0.91\webapps\examples]에 대한 배치가 [563] 밀리초에 완료되었습니다.
03-Jan-2025 00:55:33.122 정보 [main] org.apache.catalina.startup.HostConfig.deployDirectory 웹 애플리케이션 디렉토리 [C:\Users\my\Desktop\코딩\workSpace\test\apache-tomcat-9.0.91\webapps\host-manager]을(를) 배치합니다.
03-Jan-2025 00:55:33.176 정보 [main] org.apache.catalina.startup.HostConfig.deployDirectory 웹 애플리케이션 디렉토리 [C:\Users\my\Desktop\코딩\workSpace\test\apache-tomcat-9.0.91\webapps\host-manager]에 대한 배치가 [54] 밀리초에 완료되었습니다.
03-Jan-2025 00:55:33.178 정보 [main] org.apache.catalina.startup.HostConfig.deployDirectory 웹 애플리케이션 디렉토리 [C:\Users\my\Desktop\코딩\workSpace\test\apache-tomcat-9.0.91\webapps\manager]을(를) 배치합니다.
03-Jan-2025 00:55:33.235 정보 [main] org.apache.catalina.startup.HostConfig.deployDirectory 웹 애플리케이션 디렉토리 [C:\Users\my\Desktop\코딩\workSpace\test\apache-tomcat-9.0.91\webapps\manager]에 대한 배치가 [57] 밀리초에 완료되었습니다.
03-Jan-2025 00:55:33.247 정보 [main] org.apache.coyote.AbstractProtocol.start 프로토콜 핸들러 ["http-nio-8079"]을(를) 시작합니다.
03-Jan-2025 00:55:33.865 정보 [main] org.apache.catalina.startup.Catalina.start 서버가 [15849] 밀리초 내에 시작되었습니다.
03-Jan-2025 00:57:36.652 정보 [main] org.apache.catalina.startup.VersionLoggerListener.log 서버 버전 이름:    Apache Tomcat/9.0.91
03-Jan-2025 00:57:36.657 정보 [main] org.apache.catalina.startup.VersionLoggerListener.log Server 빌드 시각:  Jul 2 2024 12:35:51 UTC
03-Jan-2025 00:57:36.657 정보 [main] org.apache.catalina.startup.VersionLoggerListener.log Server 버전 번호:  9.0.91.0
03-Jan-2025 00:57:36.657 정보 [main] org.apache.catalina.startup.VersionLoggerListener.log 운영체제 이름:     Windows 10
03-Jan-2025 00:57:36.658 정보 [main] org.apache.catalina.startup.VersionLoggerListener.log 운영체제 버전:     10.0
03-Jan-2025 00:57:36.658 정보 [main] org.apache.catalina.startup.VersionLoggerListener.log 아키텍처:          amd64
03-Jan-2025 00:57:36.659 정보 [main] org.apache.catalina.startup.VersionLoggerListener.log 자바 홈:           C:\Program Files\AdoptOpenJDK\jdk-11.0.10.9-hotspot
03-Jan-2025 00:57:36.659 정보 [main] org.apache.catalina.startup.VersionLoggerListener.log JVM 버전:          11.0.10+9
03-Jan-2025 00:57:36.659 정보 [main] org.apache.catalina.startup.VersionLoggerListener.log JVM 벤더:          AdoptOpenJDK
03-Jan-2025 00:57:36.661 정보 [main] org.apache.catalina.startup.VersionLoggerListener.log CATALINA_BASE:     C:\Users\my\Desktop\코딩\workSpace\test\apache-tomcat-9.0.91
03-Jan-2025 00:57:36.663 정보 [main] org.apache.catalina.startup.VersionLoggerListener.log CATALINA_HOME:     C:\Users\my\Desktop\코딩\workSpace\test\apache-tomcat-9.0.91
03-Jan-2025 00:57:36.685 정보 [main] org.apache.catalina.startup.VersionLoggerListener.log 명령 행 아규먼트:  --add-opens=java.base/java.lang=ALL-UNNAMED
03-Jan-2025 00:57:36.686 정보 [main] org.apache.catalina.startup.VersionLoggerListener.log 명령 행 아규먼트:  --add-opens=java.base/java.io=ALL-UNNAMED
03-Jan-2025 00:57:36.688 정보 [main] org.apache.catalina.startup.VersionLoggerListener.log 명령 행 아규먼트:  --add-opens=java.base/java.util=ALL-UNNAMED
03-Jan-2025 00:57:36.688 정보 [main] org.apache.catalina.startup.VersionLoggerListener.log 명령 행 아규먼트:  --add-opens=java.base/java.util.concurrent=ALL-UNNAMED
03-Jan-2025 00:57:36.688 정보 [main] org.apache.catalina.startup.VersionLoggerListener.log 명령 행 아규먼트:  --add-opens=java.rmi/sun.rmi.transport=ALL-UNNAMED
03-Jan-2025 00:57:36.689 정보 [main] org.apache.catalina.startup.VersionLoggerListener.log 명령 행 아규먼트:  -Djava.util.logging.config.file=C:\Users\my\Desktop\코딩\workSpace\test\apache-tomcat-9.0.91\conf\logging.properties
03-Jan-2025 00:57:36.689 정보 [main] org.apache.catalina.startup.VersionLoggerListener.log 명령 행 아규먼트:  -Djava.util.logging.manager=org.apache.juli.ClassLoaderLogManager
03-Jan-2025 00:57:36.691 정보 [main] org.apache.catalina.startup.VersionLoggerListener.log 명령 행 아규먼트:  -Djdk.tls.ephemeralDHKeySize=2048
03-Jan-2025 00:57:36.691 정보 [main] org.apache.catalina.startup.VersionLoggerListener.log 명령 행 아규먼트:  -Djava.protocol.handler.pkgs=org.apache.catalina.webresources
03-Jan-2025 00:57:36.691 정보 [main] org.apache.catalina.startup.VersionLoggerListener.log 명령 행 아규먼트:  -Dignore.endorsed.dirs=
03-Jan-2025 00:57:36.692 정보 [main] org.apache.catalina.startup.VersionLoggerListener.log 명령 행 아규먼트:  -Dcatalina.base=C:\Users\my\Desktop\코딩\workSpace\test\apache-tomcat-9.0.91
03-Jan-2025 00:57:36.692 정보 [main] org.apache.catalina.startup.VersionLoggerListener.log 명령 행 아규먼트:  -Dcatalina.home=C:\Users\my\Desktop\코딩\workSpace\test\apache-tomcat-9.0.91
03-Jan-2025 00:57:36.692 정보 [main] org.apache.catalina.startup.VersionLoggerListener.log 명령 행 아규먼트:  -Djava.io.tmpdir=C:\Users\my\Desktop\코딩\workSpace\test\apache-tomcat-9.0.91\temp
03-Jan-2025 00:57:36.699 정보 [main] org.apache.catalina.core.AprLifecycleListener.lifecycleEvent APR 버전 [1.7.4]을(를) 사용한, APR 기반 Apache Tomcat Native 라이브러리 [1.3.0]을(를) 로드했습니다.
03-Jan-2025 00:57:36.699 정보 [main] org.apache.catalina.core.AprLifecycleListener.lifecycleEvent APR 용량정보들: IPv6 [true], sendfile [true], accept filters [false], random [true], UDS [true].
03-Jan-2025 00:57:36.700 정보 [main] org.apache.catalina.core.AprLifecycleListener.lifecycleEvent APR/OpenSSL 설정: useAprConnector [false], useOpenSSL [true]
03-Jan-2025 00:57:36.709 정보 [main] org.apache.catalina.core.AprLifecycleListener.initializeSSL OpenSSL이 성공적으로 초기화되었습니다: [OpenSSL 3.0.13 30 Jan 2024]
03-Jan-2025 00:57:37.188 정보 [main] org.apache.coyote.AbstractProtocol.init 프로토콜 핸들러 ["http-nio-8079"]을(를) 초기화합니다.
03-Jan-2025 00:57:37.227 정보 [main] org.apache.catalina.startup.Catalina.load [922] 밀리초 내에 서버가 초기화되었습니다.
03-Jan-2025 00:57:37.329 정보 [main] org.apache.catalina.core.StandardService.startInternal 서비스 [Catalina]을(를) 시작합니다.
03-Jan-2025 00:57:37.330 정보 [main] org.apache.catalina.core.StandardEngine.startInternal 서버 엔진을 시작합니다: [Apache Tomcat/9.0.91]
03-Jan-2025 00:57:37.378 정보 [main] org.apache.catalina.startup.HostConfig.deployWAR 웹 애플리케이션 아카이브 [C:\Users\my\Desktop\코딩\workSpace\test\apache-tomcat-9.0.91\webapps\ROOT.war]을(를) 배치합니다.
03-Jan-2025 00:57:43.674 정보 [main] org.apache.jasper.servlet.TldScanner.scanJars 적어도 하나의 JAR가 TLD들을 찾기 위해 스캔되었으나 아무 것도 찾지 못했습니다. 스캔했으나 TLD가 없는 JAR들의 전체 목록을 보시려면, 로그 레벨을 디버그 레벨로 설정하십시오. 스캔 과정에서 불필요한 JAR들을 건너뛰면, 시스템 시작 시간과 JSP 컴파일 시간을 단축시킬 수 있습니다.
03-Jan-2025 00:57:44.318 경고 [main] org.apache.catalina.util.SessionIdGeneratorBase.createSecureRandom [SHA1PRNG] 알고리즘을 사용하여, 세션 ID를 생성하기 위한 SecureRandom 객체를 생성하는데, [589] 밀리초가 소요됐습니다.
03-Jan-2025 00:57:52.292 정보 [main] org.apache.catalina.startup.HostConfig.deployWAR 웹 애플리케이션 아카이브 [C:\Users\my\Desktop\코딩\workSpace\test\apache-tomcat-9.0.91\webapps\ROOT.war]의 배치가 [14,914] 밀리초에 완료되었습니다.
03-Jan-2025 00:57:52.294 정보 [main] org.apache.catalina.startup.HostConfig.deployDirectory 웹 애플리케이션 디렉토리 [C:\Users\my\Desktop\코딩\workSpace\test\apache-tomcat-9.0.91\webapps\docs]을(를) 배치합니다.
03-Jan-2025 00:57:52.349 정보 [main] org.apache.catalina.startup.HostConfig.deployDirectory 웹 애플리케이션 디렉토리 [C:\Users\my\Desktop\코딩\workSpace\test\apache-tomcat-9.0.91\webapps\docs]에 대한 배치가 [55] 밀리초에 완료되었습니다.
03-Jan-2025 00:57:52.350 정보 [main] org.apache.catalina.startup.HostConfig.deployDirectory 웹 애플리케이션 디렉토리 [C:\Users\my\Desktop\코딩\workSpace\test\apache-tomcat-9.0.91\webapps\examples]을(를) 배치합니다.
03-Jan-2025 00:57:52.840 정보 [main] org.apache.catalina.startup.HostConfig.deployDirectory 웹 애플리케이션 디렉토리 [C:\Users\my\Desktop\코딩\workSpace\test\apache-tomcat-9.0.91\webapps\examples]에 대한 배치가 [490] 밀리초에 완료되었습니다.
03-Jan-2025 00:57:52.841 정보 [main] org.apache.catalina.startup.HostConfig.deployDirectory 웹 애플리케이션 디렉토리 [C:\Users\my\Desktop\코딩\workSpace\test\apache-tomcat-9.0.91\webapps\host-manager]을(를) 배치합니다.
03-Jan-2025 00:57:52.898 정보 [main] org.apache.catalina.startup.HostConfig.deployDirectory 웹 애플리케이션 디렉토리 [C:\Users\my\Desktop\코딩\workSpace\test\apache-tomcat-9.0.91\webapps\host-manager]에 대한 배치가 [56] 밀리초에 완료되었습니다.
03-Jan-2025 00:57:52.899 정보 [main] org.apache.catalina.startup.HostConfig.deployDirectory 웹 애플리케이션 디렉토리 [C:\Users\my\Desktop\코딩\workSpace\test\apache-tomcat-9.0.91\webapps\manager]을(를) 배치합니다.
03-Jan-2025 00:57:52.955 정보 [main] org.apache.catalina.startup.HostConfig.deployDirectory 웹 애플리케이션 디렉토리 [C:\Users\my\Desktop\코딩\workSpace\test\apache-tomcat-9.0.91\webapps\manager]에 대한 배치가 [56] 밀리초에 완료되었습니다.
03-Jan-2025 00:57:52.967 정보 [main] org.apache.coyote.AbstractProtocol.start 프로토콜 핸들러 ["http-nio-8079"]을(를) 시작합니다.
03-Jan-2025 00:57:53.603 정보 [main] org.apache.catalina.startup.Catalina.start 서버가 [16376] 밀리초 내에 시작되었습니다.
