08-Jan-2025 02:54:48.446 정보 [main] org.apache.catalina.startup.VersionLoggerListener.log 서버 버전 이름:    Apache Tomcat/9.0.91
08-Jan-2025 02:54:48.452 정보 [main] org.apache.catalina.startup.VersionLoggerListener.log Server 빌드 시각:  Jul 2 2024 12:35:51 UTC
08-Jan-2025 02:54:48.453 정보 [main] org.apache.catalina.startup.VersionLoggerListener.log Server 버전 번호:  9.0.91.0
08-Jan-2025 02:54:48.454 정보 [main] org.apache.catalina.startup.VersionLoggerListener.log 운영체제 이름:     Windows 10
08-Jan-2025 02:54:48.454 정보 [main] org.apache.catalina.startup.VersionLoggerListener.log 운영체제 버전:     10.0
08-Jan-2025 02:54:48.454 정보 [main] org.apache.catalina.startup.VersionLoggerListener.log 아키텍처:          amd64
08-Jan-2025 02:54:48.454 정보 [main] org.apache.catalina.startup.VersionLoggerListener.log 자바 홈:           C:\Program Files\AdoptOpenJDK\jdk-11.0.10.9-hotspot
08-Jan-2025 02:54:48.456 정보 [main] org.apache.catalina.startup.VersionLoggerListener.log JVM 버전:          11.0.10+9
08-Jan-2025 02:54:48.456 정보 [main] org.apache.catalina.startup.VersionLoggerListener.log JVM 벤더:          AdoptOpenJDK
08-Jan-2025 02:54:48.457 정보 [main] org.apache.catalina.startup.VersionLoggerListener.log CATALINA_BASE:     C:\Users\my\Desktop\코딩\workSpace\test\apache-tomcat-9.0.91
08-Jan-2025 02:54:48.457 정보 [main] org.apache.catalina.startup.VersionLoggerListener.log CATALINA_HOME:     C:\Users\my\Desktop\코딩\workSpace\test\apache-tomcat-9.0.91
08-Jan-2025 02:54:48.478 정보 [main] org.apache.catalina.startup.VersionLoggerListener.log 명령 행 아규먼트:  --add-opens=java.base/java.lang=ALL-UNNAMED
08-Jan-2025 02:54:48.478 정보 [main] org.apache.catalina.startup.VersionLoggerListener.log 명령 행 아규먼트:  --add-opens=java.base/java.io=ALL-UNNAMED
08-Jan-2025 02:54:48.479 정보 [main] org.apache.catalina.startup.VersionLoggerListener.log 명령 행 아규먼트:  --add-opens=java.base/java.util=ALL-UNNAMED
08-Jan-2025 02:54:48.479 정보 [main] org.apache.catalina.startup.VersionLoggerListener.log 명령 행 아규먼트:  --add-opens=java.base/java.util.concurrent=ALL-UNNAMED
08-Jan-2025 02:54:48.480 정보 [main] org.apache.catalina.startup.VersionLoggerListener.log 명령 행 아규먼트:  --add-opens=java.rmi/sun.rmi.transport=ALL-UNNAMED
08-Jan-2025 02:54:48.480 정보 [main] org.apache.catalina.startup.VersionLoggerListener.log 명령 행 아규먼트:  -Djava.util.logging.config.file=C:\Users\my\Desktop\코딩\workSpace\test\apache-tomcat-9.0.91\conf\logging.properties
08-Jan-2025 02:54:48.481 정보 [main] org.apache.catalina.startup.VersionLoggerListener.log 명령 행 아규먼트:  -Djava.util.logging.manager=org.apache.juli.ClassLoaderLogManager
08-Jan-2025 02:54:48.482 정보 [main] org.apache.catalina.startup.VersionLoggerListener.log 명령 행 아규먼트:  -Djdk.tls.ephemeralDHKeySize=2048
08-Jan-2025 02:54:48.482 정보 [main] org.apache.catalina.startup.VersionLoggerListener.log 명령 행 아규먼트:  -Djava.protocol.handler.pkgs=org.apache.catalina.webresources
08-Jan-2025 02:54:48.482 정보 [main] org.apache.catalina.startup.VersionLoggerListener.log 명령 행 아규먼트:  -Dignore.endorsed.dirs=
08-Jan-2025 02:54:48.483 정보 [main] org.apache.catalina.startup.VersionLoggerListener.log 명령 행 아규먼트:  -Dcatalina.base=C:\Users\my\Desktop\코딩\workSpace\test\apache-tomcat-9.0.91
08-Jan-2025 02:54:48.484 정보 [main] org.apache.catalina.startup.VersionLoggerListener.log 명령 행 아규먼트:  -Dcatalina.home=C:\Users\my\Desktop\코딩\workSpace\test\apache-tomcat-9.0.91
08-Jan-2025 02:54:48.484 정보 [main] org.apache.catalina.startup.VersionLoggerListener.log 명령 행 아규먼트:  -Djava.io.tmpdir=C:\Users\my\Desktop\코딩\workSpace\test\apache-tomcat-9.0.91\temp
08-Jan-2025 02:54:48.495 정보 [main] org.apache.catalina.core.AprLifecycleListener.lifecycleEvent APR 버전 [1.7.4]을(를) 사용한, APR 기반 Apache Tomcat Native 라이브러리 [1.3.0]을(를) 로드했습니다.
08-Jan-2025 02:54:48.496 정보 [main] org.apache.catalina.core.AprLifecycleListener.lifecycleEvent APR 용량정보들: IPv6 [true], sendfile [true], accept filters [false], random [true], UDS [true].
08-Jan-2025 02:54:48.497 정보 [main] org.apache.catalina.core.AprLifecycleListener.lifecycleEvent APR/OpenSSL 설정: useAprConnector [false], useOpenSSL [true]
08-Jan-2025 02:54:48.526 정보 [main] org.apache.catalina.core.AprLifecycleListener.initializeSSL OpenSSL이 성공적으로 초기화되었습니다: [OpenSSL 3.0.13 30 Jan 2024]
08-Jan-2025 02:54:49.038 정보 [main] org.apache.coyote.AbstractProtocol.init 프로토콜 핸들러 ["http-nio-8079"]을(를) 초기화합니다.
08-Jan-2025 02:54:49.090 정보 [main] org.apache.catalina.startup.Catalina.load [1024] 밀리초 내에 서버가 초기화되었습니다.
08-Jan-2025 02:54:49.202 정보 [main] org.apache.catalina.core.StandardService.startInternal 서비스 [Catalina]을(를) 시작합니다.
08-Jan-2025 02:54:49.204 정보 [main] org.apache.catalina.core.StandardEngine.startInternal 서버 엔진을 시작합니다: [Apache Tomcat/9.0.91]
08-Jan-2025 02:54:49.243 정보 [main] org.apache.catalina.startup.HostConfig.deployWAR 웹 애플리케이션 아카이브 [C:\Users\my\Desktop\코딩\workSpace\test\apache-tomcat-9.0.91\webapps\ROOT.war]을(를) 배치합니다.
08-Jan-2025 02:54:56.131 정보 [main] org.apache.jasper.servlet.TldScanner.scanJars 적어도 하나의 JAR가 TLD들을 찾기 위해 스캔되었으나 아무 것도 찾지 못했습니다. 스캔했으나 TLD가 없는 JAR들의 전체 목록을 보시려면, 로그 레벨을 디버그 레벨로 설정하십시오. 스캔 과정에서 불필요한 JAR들을 건너뛰면, 시스템 시작 시간과 JSP 컴파일 시간을 단축시킬 수 있습니다.
08-Jan-2025 02:54:56.979 경고 [main] org.apache.catalina.util.SessionIdGeneratorBase.createSecureRandom [SHA1PRNG] 알고리즘을 사용하여, 세션 ID를 생성하기 위한 SecureRandom 객체를 생성하는데, [788] 밀리초가 소요됐습니다.
08-Jan-2025 02:55:05.441 정보 [main] org.apache.catalina.startup.HostConfig.deployWAR 웹 애플리케이션 아카이브 [C:\Users\my\Desktop\코딩\workSpace\test\apache-tomcat-9.0.91\webapps\ROOT.war]의 배치가 [16,197] 밀리초에 완료되었습니다.
08-Jan-2025 02:55:05.442 정보 [main] org.apache.catalina.startup.HostConfig.deployDirectory 웹 애플리케이션 디렉토리 [C:\Users\my\Desktop\코딩\workSpace\test\apache-tomcat-9.0.91\webapps\docs]을(를) 배치합니다.
08-Jan-2025 02:55:05.518 정보 [main] org.apache.catalina.startup.HostConfig.deployDirectory 웹 애플리케이션 디렉토리 [C:\Users\my\Desktop\코딩\workSpace\test\apache-tomcat-9.0.91\webapps\docs]에 대한 배치가 [76] 밀리초에 완료되었습니다.
08-Jan-2025 02:55:05.519 정보 [main] org.apache.catalina.startup.HostConfig.deployDirectory 웹 애플리케이션 디렉토리 [C:\Users\my\Desktop\코딩\workSpace\test\apache-tomcat-9.0.91\webapps\examples]을(를) 배치합니다.
08-Jan-2025 02:55:06.124 정보 [main] org.apache.catalina.startup.HostConfig.deployDirectory 웹 애플리케이션 디렉토리 [C:\Users\my\Desktop\코딩\workSpace\test\apache-tomcat-9.0.91\webapps\examples]에 대한 배치가 [605] 밀리초에 완료되었습니다.
08-Jan-2025 02:55:06.126 정보 [main] org.apache.catalina.startup.HostConfig.deployDirectory 웹 애플리케이션 디렉토리 [C:\Users\my\Desktop\코딩\workSpace\test\apache-tomcat-9.0.91\webapps\host-manager]을(를) 배치합니다.
08-Jan-2025 02:55:06.189 정보 [main] org.apache.catalina.startup.HostConfig.deployDirectory 웹 애플리케이션 디렉토리 [C:\Users\my\Desktop\코딩\workSpace\test\apache-tomcat-9.0.91\webapps\host-manager]에 대한 배치가 [64] 밀리초에 완료되었습니다.
08-Jan-2025 02:55:06.190 정보 [main] org.apache.catalina.startup.HostConfig.deployDirectory 웹 애플리케이션 디렉토리 [C:\Users\my\Desktop\코딩\workSpace\test\apache-tomcat-9.0.91\webapps\manager]을(를) 배치합니다.
08-Jan-2025 02:55:06.246 정보 [main] org.apache.catalina.startup.HostConfig.deployDirectory 웹 애플리케이션 디렉토리 [C:\Users\my\Desktop\코딩\workSpace\test\apache-tomcat-9.0.91\webapps\manager]에 대한 배치가 [56] 밀리초에 완료되었습니다.
08-Jan-2025 02:55:06.260 정보 [main] org.apache.coyote.AbstractProtocol.start 프로토콜 핸들러 ["http-nio-8079"]을(를) 시작합니다.
08-Jan-2025 02:55:06.981 정보 [main] org.apache.catalina.startup.Catalina.start 서버가 [17890] 밀리초 내에 시작되었습니다.
08-Jan-2025 03:22:10.512 정보 [main] org.apache.catalina.startup.VersionLoggerListener.log 서버 버전 이름:    Apache Tomcat/9.0.91
08-Jan-2025 03:22:10.518 정보 [main] org.apache.catalina.startup.VersionLoggerListener.log Server 빌드 시각:  Jul 2 2024 12:35:51 UTC
08-Jan-2025 03:22:10.519 정보 [main] org.apache.catalina.startup.VersionLoggerListener.log Server 버전 번호:  9.0.91.0
08-Jan-2025 03:22:10.519 정보 [main] org.apache.catalina.startup.VersionLoggerListener.log 운영체제 이름:     Windows 10
08-Jan-2025 03:22:10.520 정보 [main] org.apache.catalina.startup.VersionLoggerListener.log 운영체제 버전:     10.0
08-Jan-2025 03:22:10.520 정보 [main] org.apache.catalina.startup.VersionLoggerListener.log 아키텍처:          amd64
08-Jan-2025 03:22:10.520 정보 [main] org.apache.catalina.startup.VersionLoggerListener.log 자바 홈:           C:\Program Files\AdoptOpenJDK\jdk-11.0.10.9-hotspot
08-Jan-2025 03:22:10.520 정보 [main] org.apache.catalina.startup.VersionLoggerListener.log JVM 버전:          11.0.10+9
08-Jan-2025 03:22:10.521 정보 [main] org.apache.catalina.startup.VersionLoggerListener.log JVM 벤더:          AdoptOpenJDK
08-Jan-2025 03:22:10.521 정보 [main] org.apache.catalina.startup.VersionLoggerListener.log CATALINA_BASE:     C:\Users\my\Desktop\코딩\workSpace\test\apache-tomcat-9.0.91
08-Jan-2025 03:22:10.521 정보 [main] org.apache.catalina.startup.VersionLoggerListener.log CATALINA_HOME:     C:\Users\my\Desktop\코딩\workSpace\test\apache-tomcat-9.0.91
08-Jan-2025 03:22:10.539 정보 [main] org.apache.catalina.startup.VersionLoggerListener.log 명령 행 아규먼트:  --add-opens=java.base/java.lang=ALL-UNNAMED
08-Jan-2025 03:22:10.540 정보 [main] org.apache.catalina.startup.VersionLoggerListener.log 명령 행 아규먼트:  --add-opens=java.base/java.io=ALL-UNNAMED
08-Jan-2025 03:22:10.540 정보 [main] org.apache.catalina.startup.VersionLoggerListener.log 명령 행 아규먼트:  --add-opens=java.base/java.util=ALL-UNNAMED
08-Jan-2025 03:22:10.542 정보 [main] org.apache.catalina.startup.VersionLoggerListener.log 명령 행 아규먼트:  --add-opens=java.base/java.util.concurrent=ALL-UNNAMED
08-Jan-2025 03:22:10.542 정보 [main] org.apache.catalina.startup.VersionLoggerListener.log 명령 행 아규먼트:  --add-opens=java.rmi/sun.rmi.transport=ALL-UNNAMED
08-Jan-2025 03:22:10.543 정보 [main] org.apache.catalina.startup.VersionLoggerListener.log 명령 행 아규먼트:  -Djava.util.logging.config.file=C:\Users\my\Desktop\코딩\workSpace\test\apache-tomcat-9.0.91\conf\logging.properties
08-Jan-2025 03:22:10.543 정보 [main] org.apache.catalina.startup.VersionLoggerListener.log 명령 행 아규먼트:  -Djava.util.logging.manager=org.apache.juli.ClassLoaderLogManager
08-Jan-2025 03:22:10.544 정보 [main] org.apache.catalina.startup.VersionLoggerListener.log 명령 행 아규먼트:  -Djdk.tls.ephemeralDHKeySize=2048
08-Jan-2025 03:22:10.544 정보 [main] org.apache.catalina.startup.VersionLoggerListener.log 명령 행 아규먼트:  -Djava.protocol.handler.pkgs=org.apache.catalina.webresources
08-Jan-2025 03:22:10.545 정보 [main] org.apache.catalina.startup.VersionLoggerListener.log 명령 행 아규먼트:  -Dignore.endorsed.dirs=
08-Jan-2025 03:22:10.545 정보 [main] org.apache.catalina.startup.VersionLoggerListener.log 명령 행 아규먼트:  -Dcatalina.base=C:\Users\my\Desktop\코딩\workSpace\test\apache-tomcat-9.0.91
08-Jan-2025 03:22:10.546 정보 [main] org.apache.catalina.startup.VersionLoggerListener.log 명령 행 아규먼트:  -Dcatalina.home=C:\Users\my\Desktop\코딩\workSpace\test\apache-tomcat-9.0.91
08-Jan-2025 03:22:10.546 정보 [main] org.apache.catalina.startup.VersionLoggerListener.log 명령 행 아규먼트:  -Djava.io.tmpdir=C:\Users\my\Desktop\코딩\workSpace\test\apache-tomcat-9.0.91\temp
08-Jan-2025 03:22:10.555 정보 [main] org.apache.catalina.core.AprLifecycleListener.lifecycleEvent APR 버전 [1.7.4]을(를) 사용한, APR 기반 Apache Tomcat Native 라이브러리 [1.3.0]을(를) 로드했습니다.
08-Jan-2025 03:22:10.556 정보 [main] org.apache.catalina.core.AprLifecycleListener.lifecycleEvent APR 용량정보들: IPv6 [true], sendfile [true], accept filters [false], random [true], UDS [true].
08-Jan-2025 03:22:10.556 정보 [main] org.apache.catalina.core.AprLifecycleListener.lifecycleEvent APR/OpenSSL 설정: useAprConnector [false], useOpenSSL [true]
08-Jan-2025 03:22:10.580 정보 [main] org.apache.catalina.core.AprLifecycleListener.initializeSSL OpenSSL이 성공적으로 초기화되었습니다: [OpenSSL 3.0.13 30 Jan 2024]
08-Jan-2025 03:22:11.040 정보 [main] org.apache.coyote.AbstractProtocol.init 프로토콜 핸들러 ["http-nio-8079"]을(를) 초기화합니다.
08-Jan-2025 03:22:11.091 정보 [main] org.apache.catalina.startup.Catalina.load [950] 밀리초 내에 서버가 초기화되었습니다.
08-Jan-2025 03:22:11.200 정보 [main] org.apache.catalina.core.StandardService.startInternal 서비스 [Catalina]을(를) 시작합니다.
08-Jan-2025 03:22:11.201 정보 [main] org.apache.catalina.core.StandardEngine.startInternal 서버 엔진을 시작합니다: [Apache Tomcat/9.0.91]
08-Jan-2025 03:22:11.238 정보 [main] org.apache.catalina.startup.HostConfig.deployWAR 웹 애플리케이션 아카이브 [C:\Users\my\Desktop\코딩\workSpace\test\apache-tomcat-9.0.91\webapps\ROOT.war]을(를) 배치합니다.
08-Jan-2025 03:22:16.849 정보 [main] org.apache.jasper.servlet.TldScanner.scanJars 적어도 하나의 JAR가 TLD들을 찾기 위해 스캔되었으나 아무 것도 찾지 못했습니다. 스캔했으나 TLD가 없는 JAR들의 전체 목록을 보시려면, 로그 레벨을 디버그 레벨로 설정하십시오. 스캔 과정에서 불필요한 JAR들을 건너뛰면, 시스템 시작 시간과 JSP 컴파일 시간을 단축시킬 수 있습니다.
08-Jan-2025 03:22:17.385 경고 [main] org.apache.catalina.util.SessionIdGeneratorBase.createSecureRandom [SHA1PRNG] 알고리즘을 사용하여, 세션 ID를 생성하기 위한 SecureRandom 객체를 생성하는데, [483] 밀리초가 소요됐습니다.
08-Jan-2025 03:22:26.631 정보 [main] org.apache.catalina.startup.HostConfig.deployWAR 웹 애플리케이션 아카이브 [C:\Users\my\Desktop\코딩\workSpace\test\apache-tomcat-9.0.91\webapps\ROOT.war]의 배치가 [15,393] 밀리초에 완료되었습니다.
08-Jan-2025 03:22:26.633 정보 [main] org.apache.catalina.startup.HostConfig.deployDirectory 웹 애플리케이션 디렉토리 [C:\Users\my\Desktop\코딩\workSpace\test\apache-tomcat-9.0.91\webapps\docs]을(를) 배치합니다.
08-Jan-2025 03:22:26.731 정보 [main] org.apache.catalina.startup.HostConfig.deployDirectory 웹 애플리케이션 디렉토리 [C:\Users\my\Desktop\코딩\workSpace\test\apache-tomcat-9.0.91\webapps\docs]에 대한 배치가 [98] 밀리초에 완료되었습니다.
08-Jan-2025 03:22:26.732 정보 [main] org.apache.catalina.startup.HostConfig.deployDirectory 웹 애플리케이션 디렉토리 [C:\Users\my\Desktop\코딩\workSpace\test\apache-tomcat-9.0.91\webapps\examples]을(를) 배치합니다.
08-Jan-2025 03:22:28.280 정보 [main] org.apache.catalina.startup.HostConfig.deployDirectory 웹 애플리케이션 디렉토리 [C:\Users\my\Desktop\코딩\workSpace\test\apache-tomcat-9.0.91\webapps\examples]에 대한 배치가 [1,548] 밀리초에 완료되었습니다.
08-Jan-2025 03:22:28.281 정보 [main] org.apache.catalina.startup.HostConfig.deployDirectory 웹 애플리케이션 디렉토리 [C:\Users\my\Desktop\코딩\workSpace\test\apache-tomcat-9.0.91\webapps\host-manager]을(를) 배치합니다.
08-Jan-2025 03:22:28.373 정보 [main] org.apache.catalina.startup.HostConfig.deployDirectory 웹 애플리케이션 디렉토리 [C:\Users\my\Desktop\코딩\workSpace\test\apache-tomcat-9.0.91\webapps\host-manager]에 대한 배치가 [91] 밀리초에 완료되었습니다.
08-Jan-2025 03:22:28.381 정보 [main] org.apache.catalina.startup.HostConfig.deployDirectory 웹 애플리케이션 디렉토리 [C:\Users\my\Desktop\코딩\workSpace\test\apache-tomcat-9.0.91\webapps\manager]을(를) 배치합니다.
08-Jan-2025 03:22:28.471 정보 [main] org.apache.catalina.startup.HostConfig.deployDirectory 웹 애플리케이션 디렉토리 [C:\Users\my\Desktop\코딩\workSpace\test\apache-tomcat-9.0.91\webapps\manager]에 대한 배치가 [90] 밀리초에 완료되었습니다.
08-Jan-2025 03:22:28.484 정보 [main] org.apache.coyote.AbstractProtocol.start 프로토콜 핸들러 ["http-nio-8079"]을(를) 시작합니다.
08-Jan-2025 03:22:29.451 정보 [main] org.apache.catalina.startup.Catalina.start 서버가 [18359] 밀리초 내에 시작되었습니다.
08-Jan-2025 03:23:12.260 경고 [http-nio-8079-exec-2] org.apache.tomcat.jdbc.pool.ConnectionPool.checkPoolConfiguration maxIdle is larger than maxActive, setting maxIdle to: 10
