02-Jan-2025 14:17:31.390 정보 [main] org.apache.catalina.startup.VersionLoggerListener.log 서버 버전 이름:    Apache Tomcat/9.0.91
02-Jan-2025 14:17:31.396 정보 [main] org.apache.catalina.startup.VersionLoggerListener.log Server 빌드 시각:  Jul 2 2024 12:35:51 UTC
02-Jan-2025 14:17:31.397 정보 [main] org.apache.catalina.startup.VersionLoggerListener.log Server 버전 번호:  9.0.91.0
02-Jan-2025 14:17:31.398 정보 [main] org.apache.catalina.startup.VersionLoggerListener.log 운영체제 이름:     Windows 10
02-Jan-2025 14:17:31.398 정보 [main] org.apache.catalina.startup.VersionLoggerListener.log 운영체제 버전:     10.0
02-Jan-2025 14:17:31.399 정보 [main] org.apache.catalina.startup.VersionLoggerListener.log 아키텍처:          amd64
02-Jan-2025 14:17:31.399 정보 [main] org.apache.catalina.startup.VersionLoggerListener.log 자바 홈:           C:\Program Files\AdoptOpenJDK\jdk-11.0.10.9-hotspot
02-Jan-2025 14:17:31.399 정보 [main] org.apache.catalina.startup.VersionLoggerListener.log JVM 버전:          11.0.10+9
02-Jan-2025 14:17:31.400 정보 [main] org.apache.catalina.startup.VersionLoggerListener.log JVM 벤더:          AdoptOpenJDK
02-Jan-2025 14:17:31.400 정보 [main] org.apache.catalina.startup.VersionLoggerListener.log CATALINA_BASE:     C:\Users\my\Desktop\코딩\workSpace\test\apache-tomcat-9.0.91
02-Jan-2025 14:17:31.401 정보 [main] org.apache.catalina.startup.VersionLoggerListener.log CATALINA_HOME:     C:\Users\my\Desktop\코딩\workSpace\test\apache-tomcat-9.0.91
02-Jan-2025 14:17:31.429 정보 [main] org.apache.catalina.startup.VersionLoggerListener.log 명령 행 아규먼트:  --add-opens=java.base/java.lang=ALL-UNNAMED
02-Jan-2025 14:17:31.430 정보 [main] org.apache.catalina.startup.VersionLoggerListener.log 명령 행 아규먼트:  --add-opens=java.base/java.io=ALL-UNNAMED
02-Jan-2025 14:17:31.431 정보 [main] org.apache.catalina.startup.VersionLoggerListener.log 명령 행 아규먼트:  --add-opens=java.base/java.util=ALL-UNNAMED
02-Jan-2025 14:17:31.431 정보 [main] org.apache.catalina.startup.VersionLoggerListener.log 명령 행 아규먼트:  --add-opens=java.base/java.util.concurrent=ALL-UNNAMED
02-Jan-2025 14:17:31.432 정보 [main] org.apache.catalina.startup.VersionLoggerListener.log 명령 행 아규먼트:  --add-opens=java.rmi/sun.rmi.transport=ALL-UNNAMED
02-Jan-2025 14:17:31.432 정보 [main] org.apache.catalina.startup.VersionLoggerListener.log 명령 행 아규먼트:  -Djava.util.logging.config.file=C:\Users\my\Desktop\코딩\workSpace\test\apache-tomcat-9.0.91\conf\logging.properties
02-Jan-2025 14:17:31.433 정보 [main] org.apache.catalina.startup.VersionLoggerListener.log 명령 행 아규먼트:  -Djava.util.logging.manager=org.apache.juli.ClassLoaderLogManager
02-Jan-2025 14:17:31.434 정보 [main] org.apache.catalina.startup.VersionLoggerListener.log 명령 행 아규먼트:  -Djdk.tls.ephemeralDHKeySize=2048
02-Jan-2025 14:17:31.434 정보 [main] org.apache.catalina.startup.VersionLoggerListener.log 명령 행 아규먼트:  -Djava.protocol.handler.pkgs=org.apache.catalina.webresources
02-Jan-2025 14:17:31.435 정보 [main] org.apache.catalina.startup.VersionLoggerListener.log 명령 행 아규먼트:  -Dignore.endorsed.dirs=
02-Jan-2025 14:17:31.436 정보 [main] org.apache.catalina.startup.VersionLoggerListener.log 명령 행 아규먼트:  -Dcatalina.base=C:\Users\my\Desktop\코딩\workSpace\test\apache-tomcat-9.0.91
02-Jan-2025 14:17:31.436 정보 [main] org.apache.catalina.startup.VersionLoggerListener.log 명령 행 아규먼트:  -Dcatalina.home=C:\Users\my\Desktop\코딩\workSpace\test\apache-tomcat-9.0.91
02-Jan-2025 14:17:31.437 정보 [main] org.apache.catalina.startup.VersionLoggerListener.log 명령 행 아규먼트:  -Djava.io.tmpdir=C:\Users\my\Desktop\코딩\workSpace\test\apache-tomcat-9.0.91\temp
02-Jan-2025 14:17:31.454 정보 [main] org.apache.catalina.core.AprLifecycleListener.lifecycleEvent APR 버전 [1.7.4]을(를) 사용한, APR 기반 Apache Tomcat Native 라이브러리 [1.3.0]을(를) 로드했습니다.
02-Jan-2025 14:17:31.455 정보 [main] org.apache.catalina.core.AprLifecycleListener.lifecycleEvent APR 용량정보들: IPv6 [true], sendfile [true], accept filters [false], random [true], UDS [true].
02-Jan-2025 14:17:31.455 정보 [main] org.apache.catalina.core.AprLifecycleListener.lifecycleEvent APR/OpenSSL 설정: useAprConnector [false], useOpenSSL [true]
02-Jan-2025 14:17:31.485 정보 [main] org.apache.catalina.core.AprLifecycleListener.initializeSSL OpenSSL이 성공적으로 초기화되었습니다: [OpenSSL 3.0.13 30 Jan 2024]
02-Jan-2025 14:17:32.127 정보 [main] org.apache.coyote.AbstractProtocol.init 프로토콜 핸들러 ["http-nio-8079"]을(를) 초기화합니다.
02-Jan-2025 14:17:32.187 정보 [main] org.apache.catalina.startup.Catalina.load [1288] 밀리초 내에 서버가 초기화되었습니다.
02-Jan-2025 14:17:32.308 정보 [main] org.apache.catalina.core.StandardService.startInternal 서비스 [Catalina]을(를) 시작합니다.
02-Jan-2025 14:17:32.309 정보 [main] org.apache.catalina.core.StandardEngine.startInternal 서버 엔진을 시작합니다: [Apache Tomcat/9.0.91]
02-Jan-2025 14:17:32.352 정보 [main] org.apache.catalina.startup.HostConfig.deployWAR 웹 애플리케이션 아카이브 [C:\Users\my\Desktop\코딩\workSpace\test\apache-tomcat-9.0.91\webapps\ROOT.war]을(를) 배치합니다.
02-Jan-2025 14:17:37.830 정보 [main] org.apache.jasper.servlet.TldScanner.scanJars 적어도 하나의 JAR가 TLD들을 찾기 위해 스캔되었으나 아무 것도 찾지 못했습니다. 스캔했으나 TLD가 없는 JAR들의 전체 목록을 보시려면, 로그 레벨을 디버그 레벨로 설정하십시오. 스캔 과정에서 불필요한 JAR들을 건너뛰면, 시스템 시작 시간과 JSP 컴파일 시간을 단축시킬 수 있습니다.
02-Jan-2025 14:17:38.514 경고 [main] org.apache.catalina.util.SessionIdGeneratorBase.createSecureRandom [SHA1PRNG] 알고리즘을 사용하여, 세션 ID를 생성하기 위한 SecureRandom 객체를 생성하는데, [593] 밀리초가 소요됐습니다.
02-Jan-2025 14:17:48.951 정보 [main] org.apache.catalina.startup.HostConfig.deployWAR 웹 애플리케이션 아카이브 [C:\Users\my\Desktop\코딩\workSpace\test\apache-tomcat-9.0.91\webapps\ROOT.war]의 배치가 [16,598] 밀리초에 완료되었습니다.
02-Jan-2025 14:17:48.953 정보 [main] org.apache.catalina.startup.HostConfig.deployDirectory 웹 애플리케이션 디렉토리 [C:\Users\my\Desktop\코딩\workSpace\test\apache-tomcat-9.0.91\webapps\docs]을(를) 배치합니다.
02-Jan-2025 14:17:49.026 정보 [main] org.apache.catalina.startup.HostConfig.deployDirectory 웹 애플리케이션 디렉토리 [C:\Users\my\Desktop\코딩\workSpace\test\apache-tomcat-9.0.91\webapps\docs]에 대한 배치가 [72] 밀리초에 완료되었습니다.
02-Jan-2025 14:17:49.027 정보 [main] org.apache.catalina.startup.HostConfig.deployDirectory 웹 애플리케이션 디렉토리 [C:\Users\my\Desktop\코딩\workSpace\test\apache-tomcat-9.0.91\webapps\examples]을(를) 배치합니다.
02-Jan-2025 14:17:49.879 정보 [main] org.apache.catalina.startup.HostConfig.deployDirectory 웹 애플리케이션 디렉토리 [C:\Users\my\Desktop\코딩\workSpace\test\apache-tomcat-9.0.91\webapps\examples]에 대한 배치가 [851] 밀리초에 완료되었습니다.
02-Jan-2025 14:17:49.893 정보 [main] org.apache.catalina.startup.HostConfig.deployDirectory 웹 애플리케이션 디렉토리 [C:\Users\my\Desktop\코딩\workSpace\test\apache-tomcat-9.0.91\webapps\host-manager]을(를) 배치합니다.
02-Jan-2025 14:17:49.973 정보 [main] org.apache.catalina.startup.HostConfig.deployDirectory 웹 애플리케이션 디렉토리 [C:\Users\my\Desktop\코딩\workSpace\test\apache-tomcat-9.0.91\webapps\host-manager]에 대한 배치가 [79] 밀리초에 완료되었습니다.
02-Jan-2025 14:17:49.974 정보 [main] org.apache.catalina.startup.HostConfig.deployDirectory 웹 애플리케이션 디렉토리 [C:\Users\my\Desktop\코딩\workSpace\test\apache-tomcat-9.0.91\webapps\manager]을(를) 배치합니다.
02-Jan-2025 14:17:50.052 정보 [main] org.apache.catalina.startup.HostConfig.deployDirectory 웹 애플리케이션 디렉토리 [C:\Users\my\Desktop\코딩\workSpace\test\apache-tomcat-9.0.91\webapps\manager]에 대한 배치가 [77] 밀리초에 완료되었습니다.
02-Jan-2025 14:17:50.068 정보 [main] org.apache.coyote.AbstractProtocol.start 프로토콜 핸들러 ["http-nio-8079"]을(를) 시작합니다.
02-Jan-2025 14:17:50.978 정보 [main] org.apache.catalina.startup.Catalina.start 서버가 [18785] 밀리초 내에 시작되었습니다.
02-Jan-2025 14:20:21.246 경고 [http-nio-8079-exec-8] org.apache.tomcat.jdbc.pool.ConnectionPool.checkPoolConfiguration maxIdle is larger than maxActive, setting maxIdle to: 10
02-Jan-2025 14:20:22.714 심각 [http-nio-8079-exec-8] org.apache.tomcat.jdbc.pool.ConnectionPool.init Unable to create initial connections of pool.
	java.sql.SQLException: Access denied for user 'root'@'localhost' (using password: YES)
		at com.mysql.cj.jdbc.exceptions.SQLError.createSQLException(SQLError.java:121)
		at com.mysql.cj.jdbc.exceptions.SQLExceptionsMapping.translateException(SQLExceptionsMapping.java:114)
		at com.mysql.cj.jdbc.ConnectionImpl.createNewIO(ConnectionImpl.java:845)
		at com.mysql.cj.jdbc.ConnectionImpl.<init>(ConnectionImpl.java:420)
		at com.mysql.cj.jdbc.ConnectionImpl.getInstance(ConnectionImpl.java:238)
		at com.mysql.cj.jdbc.NonRegisteringDriver.connect(NonRegisteringDriver.java:180)
		at org.apache.tomcat.jdbc.pool.PooledConnection.connectUsingDriver(PooledConnection.java:310)
		at org.apache.tomcat.jdbc.pool.PooledConnection.connect(PooledConnection.java:203)
		at org.apache.tomcat.jdbc.pool.ConnectionPool.createConnection(ConnectionPool.java:735)
		at org.apache.tomcat.jdbc.pool.ConnectionPool.borrowConnection(ConnectionPool.java:667)
		at org.apache.tomcat.jdbc.pool.ConnectionPool.init(ConnectionPool.java:482)
		at org.apache.tomcat.jdbc.pool.ConnectionPool.<init>(ConnectionPool.java:154)
		at org.apache.tomcat.jdbc.pool.DataSourceProxy.pCreatePool(DataSourceProxy.java:118)
		at org.apache.tomcat.jdbc.pool.DataSourceProxy.createPool(DataSourceProxy.java:107)
		at org.apache.tomcat.jdbc.pool.DataSourceProxy.getConnection(DataSourceProxy.java:131)
		at org.springframework.jdbc.datasource.DataSourceUtils.fetchConnection(DataSourceUtils.java:151)
		at org.springframework.jdbc.datasource.DataSourceUtils.doGetConnection(DataSourceUtils.java:115)
		at org.springframework.jdbc.datasource.DataSourceUtils.getConnection(DataSourceUtils.java:78)
		at org.mybatis.spring.transaction.SpringManagedTransaction.openConnection(SpringManagedTransaction.java:82)
		at org.mybatis.spring.transaction.SpringManagedTransaction.getConnection(SpringManagedTransaction.java:68)
		at org.apache.ibatis.executor.BaseExecutor.getConnection(BaseExecutor.java:338)
		at org.apache.ibatis.executor.SimpleExecutor.prepareStatement(SimpleExecutor.java:84)
		at org.apache.ibatis.executor.SimpleExecutor.doQuery(SimpleExecutor.java:62)
		at org.apache.ibatis.executor.BaseExecutor.queryFromDatabase(BaseExecutor.java:326)
		at org.apache.ibatis.executor.BaseExecutor.query(BaseExecutor.java:156)
		at org.apache.ibatis.executor.CachingExecutor.query(CachingExecutor.java:109)
		at org.apache.ibatis.executor.CachingExecutor.query(CachingExecutor.java:83)
		at org.apache.ibatis.session.defaults.DefaultSqlSession.selectList(DefaultSqlSession.java:148)
		at org.apache.ibatis.session.defaults.DefaultSqlSession.selectList(DefaultSqlSession.java:141)
		at org.apache.ibatis.session.defaults.DefaultSqlSession.selectOne(DefaultSqlSession.java:77)
		at java.base/jdk.internal.reflect.NativeMethodAccessorImpl.invoke0(Native Method)
		at java.base/jdk.internal.reflect.NativeMethodAccessorImpl.invoke(NativeMethodAccessorImpl.java:62)
		at java.base/jdk.internal.reflect.DelegatingMethodAccessorImpl.invoke(DelegatingMethodAccessorImpl.java:43)
		at java.base/java.lang.reflect.Method.invoke(Method.java:566)
		at org.mybatis.spring.SqlSessionTemplate$SqlSessionInterceptor.invoke(SqlSessionTemplate.java:433)
		at com.sun.proxy.$Proxy56.selectOne(Unknown Source)
		at org.mybatis.spring.SqlSessionTemplate.selectOne(SqlSessionTemplate.java:166)
		at org.apache.ibatis.binding.MapperMethod.execute(MapperMethod.java:83)
		at org.apache.ibatis.binding.MapperProxy.invoke(MapperProxy.java:59)
		at com.sun.proxy.$Proxy59.getPasswordByUsername(Unknown Source)
		at service.UserService.validateUser(UserService.java:28)
		at controller.LoginController.login(LoginController.java:57)
		at java.base/jdk.internal.reflect.NativeMethodAccessorImpl.invoke0(Native Method)
		at java.base/jdk.internal.reflect.NativeMethodAccessorImpl.invoke(NativeMethodAccessorImpl.java:62)
		at java.base/jdk.internal.reflect.DelegatingMethodAccessorImpl.invoke(DelegatingMethodAccessorImpl.java:43)
		at java.base/java.lang.reflect.Method.invoke(Method.java:566)
		at org.springframework.web.method.support.InvocableHandlerMethod.doInvoke(InvocableHandlerMethod.java:209)
		at org.springframework.web.method.support.InvocableHandlerMethod.invokeForRequest(InvocableHandlerMethod.java:136)
		at org.springframework.web.servlet.mvc.method.annotation.ServletInvocableHandlerMethod.invokeAndHandle(ServletInvocableHandlerMethod.java:102)
		at org.springframework.web.servlet.mvc.method.annotation.RequestMappingHandlerAdapter.invokeHandlerMethod(RequestMappingHandlerAdapter.java:877)
		at org.springframework.web.servlet.mvc.method.annotation.RequestMappingHandlerAdapter.handleInternal(RequestMappingHandlerAdapter.java:783)
		at org.springframework.web.servlet.mvc.method.AbstractHandlerMethodAdapter.handle(AbstractHandlerMethodAdapter.java:87)
		at org.springframework.web.servlet.DispatcherServlet.doDispatch(DispatcherServlet.java:991)
		at org.springframework.web.servlet.DispatcherServlet.doService(DispatcherServlet.java:925)
		at org.springframework.web.servlet.FrameworkServlet.processRequest(FrameworkServlet.java:974)
		at org.springframework.web.servlet.FrameworkServlet.doPost(FrameworkServlet.java:877)
		at javax.servlet.http.HttpServlet.service(HttpServlet.java:555)
		at org.springframework.web.servlet.FrameworkServlet.service(FrameworkServlet.java:851)
		at javax.servlet.http.HttpServlet.service(HttpServlet.java:623)
		at org.apache.catalina.core.ApplicationFilterChain.internalDoFilter(ApplicationFilterChain.java:199)
		at org.apache.catalina.core.ApplicationFilterChain.doFilter(ApplicationFilterChain.java:144)
		at org.apache.tomcat.websocket.server.WsFilter.doFilter(WsFilter.java:51)
		at org.apache.catalina.core.ApplicationFilterChain.internalDoFilter(ApplicationFilterChain.java:168)
		at org.apache.catalina.core.ApplicationFilterChain.doFilter(ApplicationFilterChain.java:144)
		at org.springframework.web.filter.CharacterEncodingFilter.doFilterInternal(CharacterEncodingFilter.java:200)
		at org.springframework.web.filter.OncePerRequestFilter.doFilter(OncePerRequestFilter.java:107)
		at org.apache.catalina.core.ApplicationFilterChain.internalDoFilter(ApplicationFilterChain.java:168)
		at org.apache.catalina.core.ApplicationFilterChain.doFilter(ApplicationFilterChain.java:144)
		at org.apache.catalina.core.StandardWrapperValve.invoke(StandardWrapperValve.java:168)
		at org.apache.catalina.core.StandardContextValve.invoke(StandardContextValve.java:90)
		at org.apache.catalina.authenticator.AuthenticatorBase.invoke(AuthenticatorBase.java:482)
		at org.apache.catalina.core.StandardHostValve.invoke(StandardHostValve.java:130)
		at org.apache.catalina.valves.ErrorReportValve.invoke(ErrorReportValve.java:93)
		at org.apache.catalina.valves.AbstractAccessLogValve.invoke(AbstractAccessLogValve.java:660)
		at org.apache.catalina.core.StandardEngineValve.invoke(StandardEngineValve.java:74)
		at org.apache.catalina.connector.CoyoteAdapter.service(CoyoteAdapter.java:346)
		at org.apache.coyote.http11.Http11Processor.service(Http11Processor.java:388)
		at org.apache.coyote.AbstractProcessorLight.process(AbstractProcessorLight.java:63)
		at org.apache.coyote.AbstractProtocol$ConnectionHandler.process(AbstractProtocol.java:936)
		at org.apache.tomcat.util.net.NioEndpoint$SocketProcessor.doRun(NioEndpoint.java:1791)
		at org.apache.tomcat.util.net.SocketProcessorBase.run(SocketProcessorBase.java:52)
		at org.apache.tomcat.util.threads.ThreadPoolExecutor.runWorker(ThreadPoolExecutor.java:1190)
		at org.apache.tomcat.util.threads.ThreadPoolExecutor$Worker.run(ThreadPoolExecutor.java:659)
		at org.apache.tomcat.util.threads.TaskThread$WrappingRunnable.run(TaskThread.java:63)
		at java.base/java.lang.Thread.run(Thread.java:834)
02-Jan-2025 14:21:19.749 정보 [main] org.apache.catalina.startup.VersionLoggerListener.log 서버 버전 이름:    Apache Tomcat/9.0.91
02-Jan-2025 14:21:19.756 정보 [main] org.apache.catalina.startup.VersionLoggerListener.log Server 빌드 시각:  Jul 2 2024 12:35:51 UTC
02-Jan-2025 14:21:19.756 정보 [main] org.apache.catalina.startup.VersionLoggerListener.log Server 버전 번호:  9.0.91.0
02-Jan-2025 14:21:19.757 정보 [main] org.apache.catalina.startup.VersionLoggerListener.log 운영체제 이름:     Windows 10
02-Jan-2025 14:21:19.757 정보 [main] org.apache.catalina.startup.VersionLoggerListener.log 운영체제 버전:     10.0
02-Jan-2025 14:21:19.758 정보 [main] org.apache.catalina.startup.VersionLoggerListener.log 아키텍처:          amd64
02-Jan-2025 14:21:19.758 정보 [main] org.apache.catalina.startup.VersionLoggerListener.log 자바 홈:           C:\Program Files\AdoptOpenJDK\jdk-11.0.10.9-hotspot
02-Jan-2025 14:21:19.759 정보 [main] org.apache.catalina.startup.VersionLoggerListener.log JVM 버전:          11.0.10+9
02-Jan-2025 14:21:19.759 정보 [main] org.apache.catalina.startup.VersionLoggerListener.log JVM 벤더:          AdoptOpenJDK
02-Jan-2025 14:21:19.760 정보 [main] org.apache.catalina.startup.VersionLoggerListener.log CATALINA_BASE:     C:\Users\my\Desktop\코딩\workSpace\test\apache-tomcat-9.0.91
02-Jan-2025 14:21:19.761 정보 [main] org.apache.catalina.startup.VersionLoggerListener.log CATALINA_HOME:     C:\Users\my\Desktop\코딩\workSpace\test\apache-tomcat-9.0.91
02-Jan-2025 14:21:19.788 정보 [main] org.apache.catalina.startup.VersionLoggerListener.log 명령 행 아규먼트:  --add-opens=java.base/java.lang=ALL-UNNAMED
02-Jan-2025 14:21:19.789 정보 [main] org.apache.catalina.startup.VersionLoggerListener.log 명령 행 아규먼트:  --add-opens=java.base/java.io=ALL-UNNAMED
02-Jan-2025 14:21:19.790 정보 [main] org.apache.catalina.startup.VersionLoggerListener.log 명령 행 아규먼트:  --add-opens=java.base/java.util=ALL-UNNAMED
02-Jan-2025 14:21:19.790 정보 [main] org.apache.catalina.startup.VersionLoggerListener.log 명령 행 아규먼트:  --add-opens=java.base/java.util.concurrent=ALL-UNNAMED
02-Jan-2025 14:21:19.790 정보 [main] org.apache.catalina.startup.VersionLoggerListener.log 명령 행 아규먼트:  --add-opens=java.rmi/sun.rmi.transport=ALL-UNNAMED
02-Jan-2025 14:21:19.791 정보 [main] org.apache.catalina.startup.VersionLoggerListener.log 명령 행 아규먼트:  -Djava.util.logging.config.file=C:\Users\my\Desktop\코딩\workSpace\test\apache-tomcat-9.0.91\conf\logging.properties
02-Jan-2025 14:21:19.792 정보 [main] org.apache.catalina.startup.VersionLoggerListener.log 명령 행 아규먼트:  -Djava.util.logging.manager=org.apache.juli.ClassLoaderLogManager
02-Jan-2025 14:21:19.792 정보 [main] org.apache.catalina.startup.VersionLoggerListener.log 명령 행 아규먼트:  -Djdk.tls.ephemeralDHKeySize=2048
02-Jan-2025 14:21:19.793 정보 [main] org.apache.catalina.startup.VersionLoggerListener.log 명령 행 아규먼트:  -Djava.protocol.handler.pkgs=org.apache.catalina.webresources
02-Jan-2025 14:21:19.793 정보 [main] org.apache.catalina.startup.VersionLoggerListener.log 명령 행 아규먼트:  -Dignore.endorsed.dirs=
02-Jan-2025 14:21:19.794 정보 [main] org.apache.catalina.startup.VersionLoggerListener.log 명령 행 아규먼트:  -Dcatalina.base=C:\Users\my\Desktop\코딩\workSpace\test\apache-tomcat-9.0.91
02-Jan-2025 14:21:19.795 정보 [main] org.apache.catalina.startup.VersionLoggerListener.log 명령 행 아규먼트:  -Dcatalina.home=C:\Users\my\Desktop\코딩\workSpace\test\apache-tomcat-9.0.91
02-Jan-2025 14:21:19.795 정보 [main] org.apache.catalina.startup.VersionLoggerListener.log 명령 행 아규먼트:  -Djava.io.tmpdir=C:\Users\my\Desktop\코딩\workSpace\test\apache-tomcat-9.0.91\temp
02-Jan-2025 14:21:19.804 정보 [main] org.apache.catalina.core.AprLifecycleListener.lifecycleEvent APR 버전 [1.7.4]을(를) 사용한, APR 기반 Apache Tomcat Native 라이브러리 [1.3.0]을(를) 로드했습니다.
02-Jan-2025 14:21:19.804 정보 [main] org.apache.catalina.core.AprLifecycleListener.lifecycleEvent APR 용량정보들: IPv6 [true], sendfile [true], accept filters [false], random [true], UDS [true].
02-Jan-2025 14:21:19.804 정보 [main] org.apache.catalina.core.AprLifecycleListener.lifecycleEvent APR/OpenSSL 설정: useAprConnector [false], useOpenSSL [true]
02-Jan-2025 14:21:19.817 정보 [main] org.apache.catalina.core.AprLifecycleListener.initializeSSL OpenSSL이 성공적으로 초기화되었습니다: [OpenSSL 3.0.13 30 Jan 2024]
02-Jan-2025 14:21:20.321 정보 [main] org.apache.coyote.AbstractProtocol.init 프로토콜 핸들러 ["http-nio-8079"]을(를) 초기화합니다.
02-Jan-2025 14:21:20.364 정보 [main] org.apache.catalina.startup.Catalina.load [1065] 밀리초 내에 서버가 초기화되었습니다.
02-Jan-2025 14:21:20.469 정보 [main] org.apache.catalina.core.StandardService.startInternal 서비스 [Catalina]을(를) 시작합니다.
02-Jan-2025 14:21:20.470 정보 [main] org.apache.catalina.core.StandardEngine.startInternal 서버 엔진을 시작합니다: [Apache Tomcat/9.0.91]
02-Jan-2025 14:21:20.506 정보 [main] org.apache.catalina.startup.HostConfig.deployWAR 웹 애플리케이션 아카이브 [C:\Users\my\Desktop\코딩\workSpace\test\apache-tomcat-9.0.91\webapps\ROOT.war]을(를) 배치합니다.
02-Jan-2025 14:21:26.238 정보 [main] org.apache.jasper.servlet.TldScanner.scanJars 적어도 하나의 JAR가 TLD들을 찾기 위해 스캔되었으나 아무 것도 찾지 못했습니다. 스캔했으나 TLD가 없는 JAR들의 전체 목록을 보시려면, 로그 레벨을 디버그 레벨로 설정하십시오. 스캔 과정에서 불필요한 JAR들을 건너뛰면, 시스템 시작 시간과 JSP 컴파일 시간을 단축시킬 수 있습니다.
02-Jan-2025 14:21:26.940 경고 [main] org.apache.catalina.util.SessionIdGeneratorBase.createSecureRandom [SHA1PRNG] 알고리즘을 사용하여, 세션 ID를 생성하기 위한 SecureRandom 객체를 생성하는데, [631] 밀리초가 소요됐습니다.
02-Jan-2025 14:21:38.261 정보 [main] org.apache.catalina.startup.HostConfig.deployWAR 웹 애플리케이션 아카이브 [C:\Users\my\Desktop\코딩\workSpace\test\apache-tomcat-9.0.91\webapps\ROOT.war]의 배치가 [17,755] 밀리초에 완료되었습니다.
02-Jan-2025 14:21:38.263 정보 [main] org.apache.catalina.startup.HostConfig.deployDirectory 웹 애플리케이션 디렉토리 [C:\Users\my\Desktop\코딩\workSpace\test\apache-tomcat-9.0.91\webapps\docs]을(를) 배치합니다.
02-Jan-2025 14:21:38.342 정보 [main] org.apache.catalina.startup.HostConfig.deployDirectory 웹 애플리케이션 디렉토리 [C:\Users\my\Desktop\코딩\workSpace\test\apache-tomcat-9.0.91\webapps\docs]에 대한 배치가 [78] 밀리초에 완료되었습니다.
02-Jan-2025 14:21:38.343 정보 [main] org.apache.catalina.startup.HostConfig.deployDirectory 웹 애플리케이션 디렉토리 [C:\Users\my\Desktop\코딩\workSpace\test\apache-tomcat-9.0.91\webapps\examples]을(를) 배치합니다.
02-Jan-2025 14:21:39.034 정보 [main] org.apache.catalina.startup.HostConfig.deployDirectory 웹 애플리케이션 디렉토리 [C:\Users\my\Desktop\코딩\workSpace\test\apache-tomcat-9.0.91\webapps\examples]에 대한 배치가 [691] 밀리초에 완료되었습니다.
02-Jan-2025 14:21:39.036 정보 [main] org.apache.catalina.startup.HostConfig.deployDirectory 웹 애플리케이션 디렉토리 [C:\Users\my\Desktop\코딩\workSpace\test\apache-tomcat-9.0.91\webapps\host-manager]을(를) 배치합니다.
02-Jan-2025 14:21:39.141 정보 [main] org.apache.catalina.startup.HostConfig.deployDirectory 웹 애플리케이션 디렉토리 [C:\Users\my\Desktop\코딩\workSpace\test\apache-tomcat-9.0.91\webapps\host-manager]에 대한 배치가 [89] 밀리초에 완료되었습니다.
02-Jan-2025 14:21:39.142 정보 [main] org.apache.catalina.startup.HostConfig.deployDirectory 웹 애플리케이션 디렉토리 [C:\Users\my\Desktop\코딩\workSpace\test\apache-tomcat-9.0.91\webapps\manager]을(를) 배치합니다.
02-Jan-2025 14:21:39.219 정보 [main] org.apache.catalina.startup.HostConfig.deployDirectory 웹 애플리케이션 디렉토리 [C:\Users\my\Desktop\코딩\workSpace\test\apache-tomcat-9.0.91\webapps\manager]에 대한 배치가 [76] 밀리초에 완료되었습니다.
02-Jan-2025 14:21:39.239 정보 [main] org.apache.coyote.AbstractProtocol.start 프로토콜 핸들러 ["http-nio-8079"]을(를) 시작합니다.
02-Jan-2025 14:21:40.212 정보 [main] org.apache.catalina.startup.Catalina.start 서버가 [19841] 밀리초 내에 시작되었습니다.
02-Jan-2025 14:21:41.021 경고 [http-nio-8079-exec-1] org.apache.tomcat.jdbc.pool.ConnectionPool.checkPoolConfiguration maxIdle is larger than maxActive, setting maxIdle to: 10
02-Jan-2025 15:00:57.034 정보 [main] org.apache.catalina.startup.VersionLoggerListener.log 서버 버전 이름:    Apache Tomcat/9.0.91
02-Jan-2025 15:00:57.041 정보 [main] org.apache.catalina.startup.VersionLoggerListener.log Server 빌드 시각:  Jul 2 2024 12:35:51 UTC
02-Jan-2025 15:00:57.042 정보 [main] org.apache.catalina.startup.VersionLoggerListener.log Server 버전 번호:  9.0.91.0
02-Jan-2025 15:00:57.042 정보 [main] org.apache.catalina.startup.VersionLoggerListener.log 운영체제 이름:     Windows 10
02-Jan-2025 15:00:57.044 정보 [main] org.apache.catalina.startup.VersionLoggerListener.log 운영체제 버전:     10.0
02-Jan-2025 15:00:57.045 정보 [main] org.apache.catalina.startup.VersionLoggerListener.log 아키텍처:          amd64
02-Jan-2025 15:00:57.045 정보 [main] org.apache.catalina.startup.VersionLoggerListener.log 자바 홈:           C:\Program Files\AdoptOpenJDK\jdk-11.0.10.9-hotspot
02-Jan-2025 15:00:57.046 정보 [main] org.apache.catalina.startup.VersionLoggerListener.log JVM 버전:          11.0.10+9
02-Jan-2025 15:00:57.046 정보 [main] org.apache.catalina.startup.VersionLoggerListener.log JVM 벤더:          AdoptOpenJDK
02-Jan-2025 15:00:57.047 정보 [main] org.apache.catalina.startup.VersionLoggerListener.log CATALINA_BASE:     C:\Users\my\Desktop\코딩\workSpace\test\apache-tomcat-9.0.91
02-Jan-2025 15:00:57.047 정보 [main] org.apache.catalina.startup.VersionLoggerListener.log CATALINA_HOME:     C:\Users\my\Desktop\코딩\workSpace\test\apache-tomcat-9.0.91
02-Jan-2025 15:00:57.072 정보 [main] org.apache.catalina.startup.VersionLoggerListener.log 명령 행 아규먼트:  --add-opens=java.base/java.lang=ALL-UNNAMED
02-Jan-2025 15:00:57.073 정보 [main] org.apache.catalina.startup.VersionLoggerListener.log 명령 행 아규먼트:  --add-opens=java.base/java.io=ALL-UNNAMED
02-Jan-2025 15:00:57.073 정보 [main] org.apache.catalina.startup.VersionLoggerListener.log 명령 행 아규먼트:  --add-opens=java.base/java.util=ALL-UNNAMED
02-Jan-2025 15:00:57.074 정보 [main] org.apache.catalina.startup.VersionLoggerListener.log 명령 행 아규먼트:  --add-opens=java.base/java.util.concurrent=ALL-UNNAMED
02-Jan-2025 15:00:57.074 정보 [main] org.apache.catalina.startup.VersionLoggerListener.log 명령 행 아규먼트:  --add-opens=java.rmi/sun.rmi.transport=ALL-UNNAMED
02-Jan-2025 15:00:57.075 정보 [main] org.apache.catalina.startup.VersionLoggerListener.log 명령 행 아규먼트:  -Djava.util.logging.config.file=C:\Users\my\Desktop\코딩\workSpace\test\apache-tomcat-9.0.91\conf\logging.properties
02-Jan-2025 15:00:57.075 정보 [main] org.apache.catalina.startup.VersionLoggerListener.log 명령 행 아규먼트:  -Djava.util.logging.manager=org.apache.juli.ClassLoaderLogManager
02-Jan-2025 15:00:57.076 정보 [main] org.apache.catalina.startup.VersionLoggerListener.log 명령 행 아규먼트:  -Djdk.tls.ephemeralDHKeySize=2048
02-Jan-2025 15:00:57.076 정보 [main] org.apache.catalina.startup.VersionLoggerListener.log 명령 행 아규먼트:  -Djava.protocol.handler.pkgs=org.apache.catalina.webresources
02-Jan-2025 15:00:57.077 정보 [main] org.apache.catalina.startup.VersionLoggerListener.log 명령 행 아규먼트:  -Dignore.endorsed.dirs=
02-Jan-2025 15:00:57.077 정보 [main] org.apache.catalina.startup.VersionLoggerListener.log 명령 행 아규먼트:  -Dcatalina.base=C:\Users\my\Desktop\코딩\workSpace\test\apache-tomcat-9.0.91
02-Jan-2025 15:00:57.079 정보 [main] org.apache.catalina.startup.VersionLoggerListener.log 명령 행 아규먼트:  -Dcatalina.home=C:\Users\my\Desktop\코딩\workSpace\test\apache-tomcat-9.0.91
02-Jan-2025 15:00:57.080 정보 [main] org.apache.catalina.startup.VersionLoggerListener.log 명령 행 아규먼트:  -Djava.io.tmpdir=C:\Users\my\Desktop\코딩\workSpace\test\apache-tomcat-9.0.91\temp
02-Jan-2025 15:00:57.087 정보 [main] org.apache.catalina.core.AprLifecycleListener.lifecycleEvent APR 버전 [1.7.4]을(를) 사용한, APR 기반 Apache Tomcat Native 라이브러리 [1.3.0]을(를) 로드했습니다.
02-Jan-2025 15:00:57.088 정보 [main] org.apache.catalina.core.AprLifecycleListener.lifecycleEvent APR 용량정보들: IPv6 [true], sendfile [true], accept filters [false], random [true], UDS [true].
02-Jan-2025 15:00:57.088 정보 [main] org.apache.catalina.core.AprLifecycleListener.lifecycleEvent APR/OpenSSL 설정: useAprConnector [false], useOpenSSL [true]
02-Jan-2025 15:00:57.102 정보 [main] org.apache.catalina.core.AprLifecycleListener.initializeSSL OpenSSL이 성공적으로 초기화되었습니다: [OpenSSL 3.0.13 30 Jan 2024]
02-Jan-2025 15:00:57.706 정보 [main] org.apache.coyote.AbstractProtocol.init 프로토콜 핸들러 ["http-nio-8079"]을(를) 초기화합니다.
02-Jan-2025 15:00:57.753 정보 [main] org.apache.catalina.startup.Catalina.load [1152] 밀리초 내에 서버가 초기화되었습니다.
02-Jan-2025 15:00:57.865 정보 [main] org.apache.catalina.core.StandardService.startInternal 서비스 [Catalina]을(를) 시작합니다.
02-Jan-2025 15:00:57.866 정보 [main] org.apache.catalina.core.StandardEngine.startInternal 서버 엔진을 시작합니다: [Apache Tomcat/9.0.91]
02-Jan-2025 15:00:57.899 정보 [main] org.apache.catalina.startup.HostConfig.deployWAR 웹 애플리케이션 아카이브 [C:\Users\my\Desktop\코딩\workSpace\test\apache-tomcat-9.0.91\webapps\ROOT.war]을(를) 배치합니다.
02-Jan-2025 15:01:05.031 정보 [main] org.apache.jasper.servlet.TldScanner.scanJars 적어도 하나의 JAR가 TLD들을 찾기 위해 스캔되었으나 아무 것도 찾지 못했습니다. 스캔했으나 TLD가 없는 JAR들의 전체 목록을 보시려면, 로그 레벨을 디버그 레벨로 설정하십시오. 스캔 과정에서 불필요한 JAR들을 건너뛰면, 시스템 시작 시간과 JSP 컴파일 시간을 단축시킬 수 있습니다.
02-Jan-2025 15:01:05.807 경고 [main] org.apache.catalina.util.SessionIdGeneratorBase.createSecureRandom [SHA1PRNG] 알고리즘을 사용하여, 세션 ID를 생성하기 위한 SecureRandom 객체를 생성하는데, [702] 밀리초가 소요됐습니다.
02-Jan-2025 15:01:16.241 정보 [main] org.apache.catalina.startup.HostConfig.deployWAR 웹 애플리케이션 아카이브 [C:\Users\my\Desktop\코딩\workSpace\test\apache-tomcat-9.0.91\webapps\ROOT.war]의 배치가 [18,341] 밀리초에 완료되었습니다.
02-Jan-2025 15:01:16.243 정보 [main] org.apache.catalina.startup.HostConfig.deployDirectory 웹 애플리케이션 디렉토리 [C:\Users\my\Desktop\코딩\workSpace\test\apache-tomcat-9.0.91\webapps\docs]을(를) 배치합니다.
02-Jan-2025 15:01:16.327 정보 [main] org.apache.catalina.startup.HostConfig.deployDirectory 웹 애플리케이션 디렉토리 [C:\Users\my\Desktop\코딩\workSpace\test\apache-tomcat-9.0.91\webapps\docs]에 대한 배치가 [84] 밀리초에 완료되었습니다.
02-Jan-2025 15:01:16.328 정보 [main] org.apache.catalina.startup.HostConfig.deployDirectory 웹 애플리케이션 디렉토리 [C:\Users\my\Desktop\코딩\workSpace\test\apache-tomcat-9.0.91\webapps\examples]을(를) 배치합니다.
02-Jan-2025 15:01:17.019 정보 [main] org.apache.catalina.startup.HostConfig.deployDirectory 웹 애플리케이션 디렉토리 [C:\Users\my\Desktop\코딩\workSpace\test\apache-tomcat-9.0.91\webapps\examples]에 대한 배치가 [690] 밀리초에 완료되었습니다.
02-Jan-2025 15:01:17.020 정보 [main] org.apache.catalina.startup.HostConfig.deployDirectory 웹 애플리케이션 디렉토리 [C:\Users\my\Desktop\코딩\workSpace\test\apache-tomcat-9.0.91\webapps\host-manager]을(를) 배치합니다.
02-Jan-2025 15:01:17.122 정보 [main] org.apache.catalina.startup.HostConfig.deployDirectory 웹 애플리케이션 디렉토리 [C:\Users\my\Desktop\코딩\workSpace\test\apache-tomcat-9.0.91\webapps\host-manager]에 대한 배치가 [102] 밀리초에 완료되었습니다.
02-Jan-2025 15:01:17.124 정보 [main] org.apache.catalina.startup.HostConfig.deployDirectory 웹 애플리케이션 디렉토리 [C:\Users\my\Desktop\코딩\workSpace\test\apache-tomcat-9.0.91\webapps\manager]을(를) 배치합니다.
02-Jan-2025 15:01:17.214 정보 [main] org.apache.catalina.startup.HostConfig.deployDirectory 웹 애플리케이션 디렉토리 [C:\Users\my\Desktop\코딩\workSpace\test\apache-tomcat-9.0.91\webapps\manager]에 대한 배치가 [90] 밀리초에 완료되었습니다.
02-Jan-2025 15:01:17.229 정보 [main] org.apache.coyote.AbstractProtocol.start 프로토콜 핸들러 ["http-nio-8079"]을(를) 시작합니다.
02-Jan-2025 15:01:18.060 정보 [main] org.apache.catalina.startup.Catalina.start 서버가 [20304] 밀리초 내에 시작되었습니다.
