03-Jan-2025 00:16:55.974 정보 [main] org.apache.catalina.core.ApplicationContext.log No Spring WebApplicationInitializer types detected on classpath
03-Jan-2025 00:16:57.183 정보 [main] org.apache.catalina.core.ApplicationContext.log Initializing Spring FrameworkServlet 'dispatcher'
03-Jan-2025 00:17:05.349 정보 [main] org.apache.catalina.core.ApplicationContext.log ContextListener: contextInitialized()
03-Jan-2025 00:17:05.350 정보 [main] org.apache.catalina.core.ApplicationContext.log SessionListener: contextInitialized()
03-Jan-2025 00:17:05.354 정보 [main] org.apache.catalina.core.ApplicationContext.log ContextListener: attributeAdded('StockTicker', 'async.Stockticker@6816b13d')
03-Jan-2025 00:55:24.079 정보 [main] org.apache.catalina.core.ApplicationContext.log No Spring WebApplicationInitializer types detected on classpath
03-Jan-2025 00:55:25.081 정보 [main] org.apache.catalina.core.ApplicationContext.log Initializing Spring FrameworkServlet 'dispatcher'
03-Jan-2025 00:55:33.100 정보 [main] org.apache.catalina.core.ApplicationContext.log ContextListener: contextInitialized()
03-Jan-2025 00:55:33.100 정보 [main] org.apache.catalina.core.ApplicationContext.log SessionListener: contextInitialized()
03-Jan-2025 00:55:33.103 정보 [main] org.apache.catalina.core.ApplicationContext.log ContextListener: attributeAdded('StockTicker', 'async.Stockticker@399ebdee')
03-Jan-2025 00:57:43.720 정보 [main] org.apache.catalina.core.ApplicationContext.log No Spring WebApplicationInitializer types detected on classpath
03-Jan-2025 00:57:44.802 정보 [main] org.apache.catalina.core.ApplicationContext.log Initializing Spring FrameworkServlet 'dispatcher'
03-Jan-2025 00:57:52.821 정보 [main] org.apache.catalina.core.ApplicationContext.log ContextListener: contextInitialized()
03-Jan-2025 00:57:52.821 정보 [main] org.apache.catalina.core.ApplicationContext.log SessionListener: contextInitialized()
03-Jan-2025 00:57:52.824 정보 [main] org.apache.catalina.core.ApplicationContext.log ContextListener: attributeAdded('StockTicker', 'async.Stockticker@cd19d0a')
03-Jan-2025 01:16:41.820 정보 [main] org.apache.catalina.core.ApplicationContext.log No Spring WebApplicationInitializer types detected on classpath
03-Jan-2025 01:16:42.706 정보 [main] org.apache.catalina.core.ApplicationContext.log Initializing Spring FrameworkServlet 'dispatcher'
03-Jan-2025 01:16:50.337 정보 [main] org.apache.catalina.core.ApplicationContext.log ContextListener: contextInitialized()
03-Jan-2025 01:16:50.338 정보 [main] org.apache.catalina.core.ApplicationContext.log SessionListener: contextInitialized()
03-Jan-2025 01:16:50.341 정보 [main] org.apache.catalina.core.ApplicationContext.log ContextListener: attributeAdded('StockTicker', 'async.Stockticker@7f78cca6')
03-Jan-2025 15:20:29.678 정보 [main] org.apache.catalina.core.ApplicationContext.log No Spring WebApplicationInitializer types detected on classpath
03-Jan-2025 15:20:31.190 정보 [main] org.apache.catalina.core.ApplicationContext.log Initializing Spring FrameworkServlet 'dispatcher'
03-Jan-2025 15:20:42.341 정보 [main] org.apache.catalina.core.ApplicationContext.log ContextListener: contextInitialized()
03-Jan-2025 15:20:42.341 정보 [main] org.apache.catalina.core.ApplicationContext.log SessionListener: contextInitialized()
03-Jan-2025 15:20:42.344 정보 [main] org.apache.catalina.core.ApplicationContext.log ContextListener: attributeAdded('StockTicker', 'async.Stockticker@45ca96f3')
